<?xml version="1.0" encoding="UTF-8"?>
<!-- Generated by org.testng.reporters.JUnitReportReporter -->
<testsuite hostname="PRFT-16801" failures="0" tests="1" name="xbox.testcases.XboxVerify" time="6.134" errors="0" timestamp="28 Jan 2022 21:32:39 GMT">
  <testcase classname="xbox.testcases.XboxVerify" name="open" time="6.134"/>
</testsuite> <!-- xbox.testcases.XboxVerify -->
