<?xml version="1.0" encoding="UTF-8"?>
<!-- Generated by org.testng.reporters.JUnitReportReporter -->
<testsuite hostname="PRFT-16801" failures="0" tests="1" name="xbox.testcases.ValidateTop5GamerTags" time="4.420" errors="0" timestamp="28 Jan 2022 21:33:11 GMT">
  <testcase classname="xbox.testcases.ValidateTop5GamerTags" name="openLeaderboardPage_ValidateTop5" time="4.420"/>
</testsuite> <!-- xbox.testcases.ValidateTop5GamerTags -->
