<?xml version="1.0" encoding="UTF-8"?>
<!-- Generated by org.testng.reporters.JUnitReportReporter -->
<testsuite hostname="PRFT-16801" failures="0" tests="1" name="xbox.testcases.XboxLeaderboardVerify" time="4.238" errors="0" timestamp="28 Jan 2022 21:32:50 GMT">
  <testcase classname="xbox.testcases.XboxLeaderboardVerify" name="open" time="4.238"/>
</testsuite> <!-- xbox.testcases.XboxLeaderboardVerify -->
